<?xml version="1.0" encoding="UTF-8"?>
<testsuite xmlns:xsi="http://www.w3.org/2001/XMLSchema-instance" xsi:noNamespaceSchemaLocation="https://maven.apache.org/surefire/maven-surefire-plugin/xsd/surefire-test-report.xsd" name="es.urjc.etsii.dad.holamundoweb.HolaMundoWebApplicationTests" time="0.033" tests="1" errors="0" skipped="1" failures="0">
  <properties>
[...]
</properties>
  <testcase name="es.urjc.etsii.dad.holamundoweb.HolaMundoWebApplicationTests" classname="es.urjc.etsii.dad.holamundoweb.HolaMundoWebApplicationTests" time="0">
    <skipped/>
  </testcase>
</testsuite>